GooglePlay/GooglePlayTeach/build/outputs/logs/manifest-merger-debug-report.txt
-- Merging decision tree log ---
manifest
ADDED from GooglePlay\GooglePlayTeach\AndroidManifest.xml:2:1-31:12
	package
		ADDED from GooglePlay\GooglePlayTeach\AndroidManifest.xml:3:5-41
	android:versionName
		ADDED from GooglePlay\GooglePlayTeach\AndroidManifest.xml:5:5-30
		INJECTED from GooglePlay\GooglePlayTeach\AndroidManifest.xml
		INJECTED from GooglePlay\GooglePlayTeach\AndroidManifest.xml
	android:versionCode
		ADDED from GooglePlay\GooglePlayTeach\AndroidManifest.xml:4:5-28
		INJECTED from GooglePlay\GooglePlayTeach\AndroidManifest.xml
		INJECTED from GooglePlay\GooglePlayTeach\AndroidManifest.xml
	xmlns:android
		ADDED from GooglePlay\GooglePlayTeach\AndroidManifest.xml:2:11-69
uses-sdk
ADDED from GooglePlay\GooglePlayTeach\AndroidManifest.xml:7:5-9:41
MERGED from [GooglePlay:android-support-v7-appcompat:unspecified] AndroidManifest.xml:20:5-43
MERGED from [GooglePlay:XUtilsLibrary:unspecified] AndroidManifest.xml:7:5-9:41
	android:targetSdkVersion
		ADDED from GooglePlay\GooglePlayTeach\AndroidManifest.xml:9:9-38
	android:minSdkVersion
		ADDED from GooglePlay\GooglePlayTeach\AndroidManifest.xml:8:9-35
uses-permission#android.permission.INTERNET
ADDED from GooglePlay\GooglePlayTeach\AndroidManifest.xml:11:5-67
	android:name
		ADDED from GooglePlay\GooglePlayTeach\AndroidManifest.xml:11:22-64
application
ADDED from GooglePlay\GooglePlayTeach\AndroidManifest.xml:13:5-29:19
MERGED from [GooglePlay:android-support-v7-appcompat:unspecified] AndroidManifest.xml:22:5-20
MERGED from [GooglePlay:XUtilsLibrary:unspecified] AndroidManifest.xml:11:5-20
	android:label
		ADDED from GooglePlay\GooglePlayTeach\AndroidManifest.xml:17:9-41
	android:allowBackup
		ADDED from GooglePlay\GooglePlayTeach\AndroidManifest.xml:15:9-35
	android:icon
		ADDED from GooglePlay\GooglePlayTeach\AndroidManifest.xml:16:9-45
	android:theme
		ADDED from GooglePlay\GooglePlayTeach\AndroidManifest.xml:18:9-53
	android:name
		ADDED from GooglePlay\GooglePlayTeach\AndroidManifest.xml:14:9-73
activity#com.itcast.googleplayteach.ui.activity.MainActivity
ADDED from GooglePlay\GooglePlayTeach\AndroidManifest.xml:19:9-27:20
	android:label
		ADDED from GooglePlay\GooglePlayTeach\AndroidManifest.xml:21:13-45
	android:name
		ADDED from GooglePlay\GooglePlayTeach\AndroidManifest.xml:20:13-79
intent-filter#android.intent.action.MAIN+android.intent.category.LAUNCHER
ADDED from GooglePlay\GooglePlayTeach\AndroidManifest.xml:22:13-26:29
action#android.intent.action.MAIN
ADDED from GooglePlay\GooglePlayTeach\AndroidManifest.xml:23:17-69
	android:name
		ADDED from GooglePlay\GooglePlayTeach\AndroidManifest.xml:23:25-66
category#android.intent.category.LAUNCHER
ADDED from GooglePlay\GooglePlayTeach\AndroidManifest.xml:25:17-77
	android:name
		ADDED from GooglePlay\GooglePlayTeach\AndroidManifest.xml:25:27-74
activity#com.itcast.googleplayteach.ui.activity.HomeDetailActivity
ADDED from GooglePlay\GooglePlayTeach\AndroidManifest.xml:28:9-94
	android:name
		ADDED from GooglePlay\GooglePlayTeach\AndroidManifest.xml:28:19-91